<?xml version="1.0" encoding="UTF-8"?>
<testsuite xmlns:xsi="http://www.w3.org/2001/XMLSchema-instance" xsi:noNamespaceSchemaLocation="https://maven.apache.org/surefire/maven-surefire-plugin/xsd/surefire-test-report.xsd" name="org.json.simple.JSONArrayTest" time="0.047" tests="13" errors="0" skipped="0" failures="0">
  <properties>
    <property name="sun.desktop" value="windows"/>
    <property name="awt.toolkit" value="sun.awt.windows.WToolkit"/>
    <property name="file.encoding.pkg" value="sun.io"/>
    <property name="java.specification.version" value="1.8"/>
    <property name="sun.cpu.isalist" value="amd64"/>
    <property name="sun.jnu.encoding" value="Cp1250"/>
    <property name="java.class.path" value="C:\Users\szego\Desktop\szoftverellenőrzés\lab1\ws\json-simple\target\test-classes;C:\Users\szego\Desktop\szoftverellenőrzés\lab1\ws\json-simple\target\classes;C:\Users\szego\.m2\repository\junit\junit\4.10\junit-4.10.jar;C:\Users\szego\.m2\repository\org\hamcrest\hamcrest-core\1.1\hamcrest-core-1.1.jar;"/>
    <property name="java.vm.vendor" value="Oracle Corporation"/>
    <property name="sun.arch.data.model" value="64"/>
    <property name="user.variant" value=""/>
    <property name="java.vendor.url" value="http://java.oracle.com/"/>
    <property name="user.timezone" value=""/>
    <property name="java.vm.specification.version" value="1.8"/>
    <property name="os.name" value="Windows 10"/>
    <property name="user.country" value="HU"/>
    <property name="sun.java.launcher" value="SUN_STANDARD"/>
    <property name="sun.boot.library.path" value="D:\Program Files\Java\jdk1.8.0_102\jre\bin"/>
    <property name="sun.java.command" value="C:\Users\szego\AppData\Local\Temp\surefire6397606410216241379\surefirebooter3042672746965178624.jar C:\Users\szego\AppData\Local\Temp\surefire6397606410216241379 2017-09-30T10-42-40_248-jvmRun1 surefire7619779879358247243tmp surefire_01560363758135419803tmp"/>
    <property name="surefire.test.class.path" value="C:\Users\szego\Desktop\szoftverellenőrzés\lab1\ws\json-simple\target\test-classes;C:\Users\szego\Desktop\szoftverellenőrzés\lab1\ws\json-simple\target\classes;C:\Users\szego\.m2\repository\junit\junit\4.10\junit-4.10.jar;C:\Users\szego\.m2\repository\org\hamcrest\hamcrest-core\1.1\hamcrest-core-1.1.jar;"/>
    <property name="sun.cpu.endian" value="little"/>
    <property name="user.home" value="C:\Users\szego"/>
    <property name="user.language" value="hu"/>
    <property name="java.specification.vendor" value="Oracle Corporation"/>
    <property name="java.home" value="D:\Program Files\Java\jdk1.8.0_102\jre"/>
    <property name="basedir" value="C:\Users\szego\Desktop\szoftverellenőrzés\lab1\ws\json-simple"/>
    <property name="file.separator" value="\"/>
    <property name="line.separator" value="&#10;"/>
    <property name="java.vm.specification.vendor" value="Oracle Corporation"/>
    <property name="java.specification.name" value="Java Platform API Specification"/>
    <property name="java.awt.graphicsenv" value="sun.awt.Win32GraphicsEnvironment"/>
    <property name="surefire.real.class.path" value="C:\Users\szego\AppData\Local\Temp\surefire6397606410216241379\surefirebooter3042672746965178624.jar"/>
    <property name="sun.boot.class.path" value="D:\Program Files\Java\jdk1.8.0_102\jre\lib\resources.jar;D:\Program Files\Java\jdk1.8.0_102\jre\lib\rt.jar;D:\Program Files\Java\jdk1.8.0_102\jre\lib\sunrsasign.jar;D:\Program Files\Java\jdk1.8.0_102\jre\lib\jsse.jar;D:\Program Files\Java\jdk1.8.0_102\jre\lib\jce.jar;D:\Program Files\Java\jdk1.8.0_102\jre\lib\charsets.jar;D:\Program Files\Java\jdk1.8.0_102\jre\lib\jfr.jar;D:\Program Files\Java\jdk1.8.0_102\jre\classes"/>
    <property name="user.script" value=""/>
    <property name="sun.management.compiler" value="HotSpot 64-Bit Tiered Compilers"/>
    <property name="java.runtime.version" value="1.8.0_102-b14"/>
    <property name="user.name" value="szego"/>
    <property name="path.separator" value=";"/>
    <property name="os.version" value="10.0"/>
    <property name="java.endorsed.dirs" value="D:\Program Files\Java\jdk1.8.0_102\jre\lib\endorsed"/>
    <property name="java.runtime.name" value="Java(TM) SE Runtime Environment"/>
    <property name="file.encoding" value="Cp1250"/>
    <property name="java.vm.name" value="Java HotSpot(TM) 64-Bit Server VM"/>
    <property name="localRepository" value="C:\Users\szego\.m2\repository"/>
    <property name="java.vendor.url.bug" value="http://bugreport.sun.com/bugreport/"/>
    <property name="java.io.tmpdir" value="C:\Users\szego\AppData\Local\Temp\"/>
    <property name="java.version" value="1.8.0_102"/>
    <property name="user.dir" value="C:\Users\szego\Desktop\szoftverellenőrzés\lab1\ws\json-simple"/>
    <property name="os.arch" value="amd64"/>
    <property name="java.vm.specification.name" value="Java Virtual Machine Specification"/>
    <property name="java.awt.printerjob" value="sun.awt.windows.WPrinterJob"/>
    <property name="sun.os.patch.level" value=""/>
    <property name="java.library.path" value="D:\Program Files\Java\jdk1.8.0_102\jre\bin;C:\WINDOWS\Sun\Java\bin;C:\WINDOWS\system32;C:\WINDOWS;C:\ProgramData\Oracle\Java\javapath;C:\WINDOWS\system32;C:\WINDOWS;C:\WINDOWS\System32\Wbem;C:\WINDOWS\System32\WindowsPowerShell\v1.0\;D:\Programok\Brackets2.0\command;D:\Programok\Git\cmd;C:\Users\szego\AppData\Roaming\npm;C:\Users\szego\AppData\Local\Microsoft\WindowsApps;D:\Users\szego\AppData\Local\Google\Cloud SDK\google-cloud-sdk\bin;D:\opencv\opencv\build\x64\vc14\bin;D:\Python27;D:\Python27\Scripts;D:\Users\szego\AppData\Local\CIRCLE;C:\Program Files (x86)\Skype\Phone\;D:\Programok\nodejscore\;D:\Program Files\OpenVPN\bin;C:\WINDOWS\system32;C:\WINDOWS;C:\WINDOWS\System32\Wbem;C:\WINDOWS\System32\WindowsPowerShell\v1.0\;C:\Program Files (x86)\Microsoft SQL Server\Client SDK\ODBC\130\Tools\Binn\;C:\Program Files (x86)\Microsoft SQL Server\140\Tools\Binn\;C:\Program Files (x86)\Microsoft SQL Server\140\DTS\Binn\;C:\Program Files (x86)\Microsoft SQL Server\140\Tools\Binn\ManagementStudio\;D:\Program Files (x86)\Google\Cloud SDK\google-cloud-sdk\bin;C:\Users\szego\AppData\Local\Microsoft\WindowsApps;D:\Users\szego\AppData\Local\Google\Cloud SDK\google-cloud-sdk\bin;D:\opencv\opencv\build\x64\vc14\bin;D:\Program Files (x86)\Microsoft VS Code\bin;C:\Users\szego\AppData\Roaming\npm;D:\Programok\apache-maven-3.5.0\bin;C:\Users\szego\AppData\Local\GitHubDesktop\bin;."/>
    <property name="java.vm.info" value="mixed mode"/>
    <property name="java.vendor" value="Oracle Corporation"/>
    <property name="java.vm.version" value="25.102-b14"/>
    <property name="java.ext.dirs" value="D:\Program Files\Java\jdk1.8.0_102\jre\lib\ext;C:\WINDOWS\Sun\Java\lib\ext"/>
    <property name="sun.io.unicode.encoding" value="UnicodeLittle"/>
    <property name="java.class.version" value="52.0"/>
  </properties>
  <testcase name="testJSONArray" classname="org.json.simple.JSONArrayTest" time="0.01"/>
  <testcase name="testIntArrayToString" classname="org.json.simple.JSONArrayTest" time="0"/>
  <testcase name="testDoubleArrayToString" classname="org.json.simple.JSONArrayTest" time="0"/>
  <testcase name="testFloatArrayToString" classname="org.json.simple.JSONArrayTest" time="0"/>
  <testcase name="testByteArrayToString" classname="org.json.simple.JSONArrayTest" time="0"/>
  <testcase name="testCharArrayToString" classname="org.json.simple.JSONArrayTest" time="0.002"/>
  <testcase name="testShortArrayToString" classname="org.json.simple.JSONArrayTest" time="0"/>
  <testcase name="testObjectArrayToString" classname="org.json.simple.JSONArrayTest" time="0.002"/>
  <testcase name="testBooleanArrayToString" classname="org.json.simple.JSONArrayTest" time="0"/>
  <testcase name="testToJSONStringCollection" classname="org.json.simple.JSONArrayTest" time="0.007"/>
  <testcase name="testLongArrayToString" classname="org.json.simple.JSONArrayTest" time="0.001"/>
  <testcase name="testJSONArrayCollection" classname="org.json.simple.JSONArrayTest" time="0"/>
  <testcase name="testWriteJSONStringCollectionWriter" classname="org.json.simple.JSONArrayTest" time="0.001"/>
</testsuite>